app/build/outputs/logs/manifest-merger-debug-report.txt
-- Merging decision tree log ---
provider#androidx.core.content.FileProvider
INJECTED from src/main/AndroidManifest.xml:138:5-146:16
	android:grantUriPermissions
		ADDED from src/main/AndroidManifest.xml:142:9-43
	android:authorities
		INJECTED from src/main/AndroidManifest.xml
		ADDED from src/main/AndroidManifest.xml:140:9-60
	android:exported
		ADDED from src/main/AndroidManifest.xml:141:9-33
	android:name
		ADDED from src/main/AndroidManifest.xml:139:9-58
manifest
ADDED from src/main/AndroidManifest.xml:2:1-284:12
INJECTED from src/main/AndroidManifest.xml:2:1-284:12
INJECTED from src/main/AndroidManifest.xml:2:1-284:12
INJECTED from src/main/AndroidManifest.xml:2:1-284:12
MERGED from [io.realm:realm-android-library:3.7.2] AndroidManifest.xml:2:1-11:12
MERGED from [com.theartofdev.edmodo:android-image-cropper:2.8.0] AndroidManifest.xml:2:1-11:12
MERGED from [androidx.databinding:databinding-adapters:3.4.2] AndroidManifest.xml:17:1-24:12
MERGED from [androidx.databinding:databinding-runtime:3.4.2] AndroidManifest.xml:17:1-24:12
MERGED from [androidx.multidex:multidex:2.0.0] AndroidManifest.xml:17:1-22:12
MERGED from [android.arch.navigation:navigation-ui-ktx:1.0.0-alpha11] AndroidManifest.xml:17:1-22:12
MERGED from [android.arch.navigation:navigation-ui:1.0.0-alpha11] AndroidManifest.xml:17:1-22:12
MERGED from [com.google.android.material:material:1.1.0-alpha03] AndroidManifest.xml:17:1-24:12
MERGED from [androidx.constraintlayout:constraintlayout:2.0.0-alpha3] AndroidManifest.xml:2:1-11:12
MERGED from [com.airbnb.android:lottie:3.0.0-beta1] AndroidManifest.xml:2:1-13:12
MERGED from [uk.co.chrisjenx:calligraphy:2.3.0] AndroidManifest.xml:2:1-13:12
MERGED from [:k4l-video-trimmer] AndroidManifest.xml:2:1-16:12
MERGED from [com.facebook.android:facebook-share:4.40.0] AndroidManifest.xml:21:1-31:12
MERGED from [com.facebook.android:facebook-common:4.40.0] AndroidManifest.xml:21:1-37:12
MERGED from [androidx.appcompat:appcompat:1.1.0-alpha01] AndroidManifest.xml:17:1-22:12
MERGED from [com.google.firebase:firebase-messaging:18.0.0] AndroidManifest.xml:17:1-37:12
MERGED from [com.google.firebase:firebase-core:16.0.9] AndroidManifest.xml:2:1-9:12
MERGED from [com.google.firebase:firebase-analytics:16.5.0] AndroidManifest.xml:2:1-9:12
MERGED from [com.google.android.gms:play-services-measurement-api:16.5.0] AndroidManifest.xml:17:1-36:12
MERGED from [com.google.firebase:firebase-iid:18.0.0] AndroidManifest.xml:17:1-47:12
MERGED from [com.google.firebase:firebase-common:17.0.0] AndroidManifest.xml:2:1-19:12
MERGED from [com.google.firebase:firebase-iid-interop:16.0.1] AndroidManifest.xml:2:1-10:12
MERGED from [com.google.android.gms:play-services-base:16.0.1] AndroidManifest.xml:17:1-29:12
MERGED from [com.google.android.gms:play-services-tasks:16.0.1] AndroidManifest.xml:2:1-9:12
MERGED from [com.google.firebase:firebase-measurement-connector:17.0.1] AndroidManifest.xml:17:1-25:12
MERGED from [com.google.android.gms:play-services-measurement:16.5.0] AndroidManifest.xml:17:1-55:12
MERGED from [com.google.android.gms:play-services-measurement-sdk:16.5.0] AndroidManifest.xml:17:1-25:12
MERGED from [com.google.android.gms:play-services-measurement-impl:16.5.0] AndroidManifest.xml:17:1-40:12
MERGED from [com.google.android.gms:play-services-stats:16.0.1] AndroidManifest.xml:2:1-9:12
MERGED from [com.google.android.gms:play-services-measurement-sdk-api:16.5.0] AndroidManifest.xml:17:1-40:12
MERGED from [com.google.android.gms:play-services-measurement-base:16.5.0] AndroidManifest.xml:2:1-9:12
MERGED from [com.google.android.gms:play-services-ads-identifier:16.0.0] AndroidManifest.xml:17:1-24:12
MERGED from [com.google.android.gms:play-services-basement:16.2.0] AndroidManifest.xml:17:1-28:12
MERGED from [androidx.legacy:legacy-support-v4:1.0.0] AndroidManifest.xml:17:1-22:12
MERGED from [com.github.bumptech.glide:glide:4.9.0] AndroidManifest.xml:2:1-12:12
MERGED from [com.google.android.exoplayer:exoplayer:2.9.3] AndroidManifest.xml:17:1-24:12
MERGED from [android.arch.navigation:navigation-fragment-ktx:1.0.0-alpha11] AndroidManifest.xml:17:1-22:12
MERGED from [android.arch.navigation:navigation-fragment:1.0.0-alpha11] AndroidManifest.xml:17:1-22:12
MERGED from [androidx.exifinterface:exifinterface:1.0.0] AndroidManifest.xml:17:1-22:12
MERGED from [androidx.fragment:fragment:1.1.0-alpha02] AndroidManifest.xml:17:1-22:12
MERGED from [androidx.vectordrawable:vectordrawable-animated:1.0.0] AndroidManifest.xml:17:1-22:12
MERGED from [com.kakao.sdk:kakaolink:1.21.1] AndroidManifest.xml:2:1-13:12
MERGED from [androidx.browser:browser:1.0.0] AndroidManifest.xml:17:1-22:12
MERGED from [androidx.legacy:legacy-support-core-ui:1.0.0] AndroidManifest.xml:17:1-22:12
MERGED from [androidx.drawerlayout:drawerlayout:1.0.0] AndroidManifest.xml:17:1-22:12
MERGED from [com.google.android.exoplayer:exoplayer-ui:2.9.3] AndroidManifest.xml:17:1-24:12
MERGED from [androidx.media:media:1.0.0] AndroidManifest.xml:17:1-22:12
MERGED from [android.arch.navigation:navigation-runtime-ktx:1.0.0-alpha11] AndroidManifest.xml:17:1-22:12
MERGED from [android.arch.navigation:navigation-runtime:1.0.0-alpha11] AndroidManifest.xml:17:1-22:12
MERGED from [com.facebook.android:facebook-core:4.40.0] AndroidManifest.xml:21:1-53:12
MERGED from [androidx.legacy:legacy-support-core-utils:1.0.0] AndroidManifest.xml:17:1-22:12
MERGED from [androidx.vectordrawable:vectordrawable:1.1.0-alpha01] AndroidManifest.xml:17:1-22:12
MERGED from [androidx.coordinatorlayout:coordinatorlayout:1.1.0-alpha01] AndroidManifest.xml:17:1-22:12
MERGED from [androidx.recyclerview:recyclerview:1.1.0-alpha01] AndroidManifest.xml:17:1-22:12
MERGED from [androidx.transition:transition:1.0.1] AndroidManifest.xml:17:1-22:12
MERGED from [androidx.viewpager:viewpager:1.0.0] AndroidManifest.xml:17:1-22:12
MERGED from [androidx.loader:loader:1.0.0] AndroidManifest.xml:17:1-22:12
MERGED from [androidx.activity:activity:1.0.0-alpha02] AndroidManifest.xml:17:1-22:12
MERGED from [androidx.slidingpanelayout:slidingpanelayout:1.0.0] AndroidManifest.xml:17:1-22:12
MERGED from [androidx.customview:customview:1.0.0] AndroidManifest.xml:17:1-22:12
MERGED from [androidx.swiperefreshlayout:swiperefreshlayout:1.0.0] AndroidManifest.xml:17:1-22:12
MERGED from [androidx.asynclayoutinflater:asynclayoutinflater:1.0.0] AndroidManifest.xml:17:1-22:12
MERGED from [android.arch.navigation:navigation-common-ktx:1.0.0-alpha11] AndroidManifest.xml:17:1-22:12
MERGED from [android.arch.navigation:navigation-common:1.0.0-alpha11] AndroidManifest.xml:17:1-22:12
MERGED from [androidx.core:core:1.1.0-alpha03] AndroidManifest.xml:17:1-24:12
MERGED from [androidx.lifecycle:lifecycle-runtime:2.0.0] AndroidManifest.xml:17:1-22:12
MERGED from [androidx.versionedparcelable:versionedparcelable:1.1.0-alpha01] AndroidManifest.xml:17:1-25:12
MERGED from [androidx.cursoradapter:cursoradapter:1.0.0] AndroidManifest.xml:17:1-22:12
MERGED from [androidx.cardview:cardview:1.0.0] AndroidManifest.xml:17:1-22:12
MERGED from [com.github.bumptech.glide:gifdecoder:4.9.0] AndroidManifest.xml:2:1-11:12
MERGED from [com.google.android.exoplayer:exoplayer-dash:2.9.3] AndroidManifest.xml:17:1-24:12
MERGED from [com.google.android.exoplayer:exoplayer-hls:2.9.3] AndroidManifest.xml:17:1-24:12
MERGED from [com.google.android.exoplayer:exoplayer-smoothstreaming:2.9.3] AndroidManifest.xml:17:1-24:12
MERGED from [com.google.android.exoplayer:exoplayer-core:2.9.3] AndroidManifest.xml:17:1-26:12
MERGED from [androidx.lifecycle:lifecycle-livedata:2.0.0] AndroidManifest.xml:17:1-22:12
MERGED from [androidx.lifecycle:lifecycle-livedata-core:2.0.0] AndroidManifest.xml:17:1-22:12
MERGED from [androidx.arch.core:core-runtime:2.0.0] AndroidManifest.xml:17:1-22:12
MERGED from [androidx.lifecycle:lifecycle-viewmodel:2.0.0] AndroidManifest.xml:17:1-22:12
MERGED from [androidx.documentfile:documentfile:1.0.0] AndroidManifest.xml:17:1-22:12
MERGED from [androidx.localbroadcastmanager:localbroadcastmanager:1.0.0] AndroidManifest.xml:17:1-22:12
MERGED from [androidx.print:print:1.0.0] AndroidManifest.xml:17:1-22:12
MERGED from [androidx.interpolator:interpolator:1.0.0] AndroidManifest.xml:17:1-22:12
MERGED from [com.kakao.sdk:network:1.21.1] AndroidManifest.xml:2:1-11:12
MERGED from [com.kakao.sdk:common:1.21.1] AndroidManifest.xml:2:1-11:12
MERGED from [com.romandanylyk:pageindicatorview:1.0.3] AndroidManifest.xml:2:1-11:12
MERGED from [de.hdodenhof:circleimageview:3.0.0] AndroidManifest.xml:2:1-11:12
MERGED from [com.yanzhenjie:recyclerview-swipe:1.2.3] AndroidManifest.xml:17:1-24:12
MERGED from [com.google.android:flexbox:1.1.0] AndroidManifest.xml:17:1-26:12
MERGED from [com.pixplicity.easyprefs:library:1.9.0] AndroidManifest.xml:2:1-12:12
MERGED from [com.nabinbhandari.android:permissions:3.8] AndroidManifest.xml:2:1-17:12
MERGED from [com.wowza.gocoder.sdk.android:com.wowza.gocoder.sdk:1.5b7] AndroidManifest.xml:2:1-12:12
MERGED from [com.jakewharton.timber:timber:4.7.1] AndroidManifest.xml:2:1-9:12
MERGED from [:line-sdk-4.0.8:] AndroidManifest.xml:2:1-41:12
MERGED from [com.getkeepsafe.relinker:relinker:1.2.2] AndroidManifest.xml:2:1-9:12
MERGED from [com.kakao.sdk:message-template:1.21.1] AndroidManifest.xml:2:1-11:12
MERGED from [com.kakao.sdk:util:1.21.1] AndroidManifest.xml:2:1-11:12
INJECTED from src/main/AndroidManifest.xml:2:1-284:12
INJECTED from src/main/AndroidManifest.xml:2:1-284:12
INJECTED from src/main/AndroidManifest.xml:2:1-284:12
	package
		ADDED from src/main/AndroidManifest.xml:4:5-26
		INJECTED from src/main/AndroidManifest.xml
		INJECTED from src/main/AndroidManifest.xml
	android:versionName
		INJECTED from src/main/AndroidManifest.xml
		ADDED from src/main/AndroidManifest.xml:2:1-284:12
		INJECTED from src/main/AndroidManifest.xml
	xmlns:tools
		ADDED from src/main/AndroidManifest.xml:3:5-51
	android:versionCode
		INJECTED from src/main/AndroidManifest.xml
		ADDED from src/main/AndroidManifest.xml:2:1-284:12
		INJECTED from src/main/AndroidManifest.xml
	xmlns:android
		ADDED from src/main/AndroidManifest.xml:2:11-69
uses-permission#android.permission.INTERNET
ADDED from src/main/AndroidManifest.xml:6:3-64
MERGED from [com.google.android.gms:play-services-measurement-api:16.5.0] AndroidManifest.xml:22:5-67
MERGED from [com.google.android.gms:play-services-measurement-api:16.5.0] AndroidManifest.xml:22:5-67
MERGED from [com.google.firebase:firebase-iid:18.0.0] AndroidManifest.xml:23:5-67
MERGED from [com.google.firebase:firebase-iid:18.0.0] AndroidManifest.xml:23:5-67
MERGED from [com.google.android.gms:play-services-measurement:16.5.0] AndroidManifest.xml:23:5-67
MERGED from [com.google.android.gms:play-services-measurement:16.5.0] AndroidManifest.xml:23:5-67
MERGED from [com.google.android.gms:play-services-measurement-impl:16.5.0] AndroidManifest.xml:23:5-67
MERGED from [com.google.android.gms:play-services-measurement-impl:16.5.0] AndroidManifest.xml:23:5-67
MERGED from [com.google.android.gms:play-services-measurement-sdk-api:16.5.0] AndroidManifest.xml:23:5-67
MERGED from [com.google.android.gms:play-services-measurement-sdk-api:16.5.0] AndroidManifest.xml:23:5-67
	android:name
		ADDED from src/main/AndroidManifest.xml:6:20-62
uses-permission#android.permission.ACCESS_NETWORK_STATE
ADDED from src/main/AndroidManifest.xml:7:3-76
MERGED from [com.google.android.gms:play-services-measurement-api:16.5.0] AndroidManifest.xml:23:5-79
MERGED from [com.google.android.gms:play-services-measurement-api:16.5.0] AndroidManifest.xml:23:5-79
MERGED from [com.google.firebase:firebase-iid:18.0.0] AndroidManifest.xml:22:5-79
MERGED from [com.google.firebase:firebase-iid:18.0.0] AndroidManifest.xml:22:5-79
MERGED from [com.google.android.gms:play-services-measurement:16.5.0] AndroidManifest.xml:24:5-79
MERGED from [com.google.android.gms:play-services-measurement:16.5.0] AndroidManifest.xml:24:5-79
MERGED from [com.google.android.gms:play-services-measurement-impl:16.5.0] AndroidManifest.xml:24:5-79
MERGED from [com.google.android.gms:play-services-measurement-impl:16.5.0] AndroidManifest.xml:24:5-79
MERGED from [com.google.android.gms:play-services-measurement-sdk-api:16.5.0] AndroidManifest.xml:24:5-79
MERGED from [com.google.android.gms:play-services-measurement-sdk-api:16.5.0] AndroidManifest.xml:24:5-79
MERGED from [com.google.android.exoplayer:exoplayer-core:2.9.3] AndroidManifest.xml:24:5-79
MERGED from [com.google.android.exoplayer:exoplayer-core:2.9.3] AndroidManifest.xml:24:5-79
	android:name
		ADDED from src/main/AndroidManifest.xml:7:20-74
uses-permission#android.permission.CAMERA
ADDED from src/main/AndroidManifest.xml:8:3-62
	android:name
		ADDED from src/main/AndroidManifest.xml:8:20-60
uses-permission#android.permission.RECORD_AUDIO
ADDED from src/main/AndroidManifest.xml:9:3-68
	android:name
		ADDED from src/main/AndroidManifest.xml:9:20-66
uses-permission#android.permission.FLASHLIGHT
ADDED from src/main/AndroidManifest.xml:10:3-66
	android:name
		ADDED from src/main/AndroidManifest.xml:10:20-64
uses-permission#android.permission.MODIFY_AUDIO_SETTINGS
ADDED from src/main/AndroidManifest.xml:11:3-77
	android:name
		ADDED from src/main/AndroidManifest.xml:11:20-75
uses-permission#android.permission.SYSTEM_ALERT_WINDOW
ADDED from src/main/AndroidManifest.xml:12:3-75
	android:name
		ADDED from src/main/AndroidManifest.xml:12:20-73
uses-permission#android.permission.ACTION_MANAGE_OVERLAY_PERMISSION
ADDED from src/main/AndroidManifest.xml:13:3-88
	android:name
		ADDED from src/main/AndroidManifest.xml:13:20-86
uses-permission#android.permission.FOREGROUND_SERVICE
ADDED from src/main/AndroidManifest.xml:15:3-74
	android:name
		ADDED from src/main/AndroidManifest.xml:15:20-72
permission#android.permission.MEDIA_CONTENT_CONTROL
ADDED from src/main/AndroidManifest.xml:16:3-72
	android:name
		ADDED from src/main/AndroidManifest.xml:16:15-70
uses-feature#android.hardware.camera
ADDED from src/main/AndroidManifest.xml:18:3-20:32
	android:required
		ADDED from src/main/AndroidManifest.xml:20:7-30
	android:name
		ADDED from src/main/AndroidManifest.xml:19:7-45
uses-feature#0x00020000
ADDED from src/main/AndroidManifest.xml:21:3-23:32
	android:glEsVersion
		ADDED from src/main/AndroidManifest.xml:22:7-39
	android:required
		ADDED from src/main/AndroidManifest.xml:23:7-30
uses-feature#android.hardware.camera.any
ADDED from src/main/AndroidManifest.xml:24:3-26:33
	android:required
		ADDED from src/main/AndroidManifest.xml:26:7-31
	android:name
		ADDED from src/main/AndroidManifest.xml:25:7-49
uses-feature#android.hardware.camera.autofocus
ADDED from src/main/AndroidManifest.xml:27:3-29:33
	android:required
		ADDED from src/main/AndroidManifest.xml:29:7-31
	android:name
		ADDED from src/main/AndroidManifest.xml:28:7-55
uses-feature#android.hardware.camera.flash
ADDED from src/main/AndroidManifest.xml:30:3-32:33
	android:required
		ADDED from src/main/AndroidManifest.xml:32:7-31
	android:name
		ADDED from src/main/AndroidManifest.xml:31:7-51
uses-feature#android.hardware.microphone
ADDED from src/main/AndroidManifest.xml:33:3-35:33
	android:required
		ADDED from src/main/AndroidManifest.xml:35:7-31
	android:name
		ADDED from src/main/AndroidManifest.xml:34:7-49
application
ADDED from src/main/AndroidManifest.xml:37:3-282:17
MERGED from [com.google.android.material:material:1.1.0-alpha03] AndroidManifest.xml:22:5-20
MERGED from [com.google.android.material:material:1.1.0-alpha03] AndroidManifest.xml:22:5-20
MERGED from [androidx.constraintlayout:constraintlayout:2.0.0-alpha3] AndroidManifest.xml:9:5-20
MERGED from [androidx.constraintlayout:constraintlayout:2.0.0-alpha3] AndroidManifest.xml:9:5-20
MERGED from [com.airbnb.android:lottie:3.0.0-beta1] AndroidManifest.xml:11:5-20
MERGED from [com.airbnb.android:lottie:3.0.0-beta1] AndroidManifest.xml:11:5-20
MERGED from [uk.co.chrisjenx:calligraphy:2.3.0] AndroidManifest.xml:11:5-20
MERGED from [uk.co.chrisjenx:calligraphy:2.3.0] AndroidManifest.xml:11:5-20
MERGED from [:k4l-video-trimmer] AndroidManifest.xml:13:5-14:19
MERGED from [:k4l-video-trimmer] AndroidManifest.xml:13:5-14:19
MERGED from [com.facebook.android:facebook-share:4.40.0] AndroidManifest.xml:28:5-29:19
MERGED from [com.facebook.android:facebook-share:4.40.0] AndroidManifest.xml:28:5-29:19
MERGED from [com.facebook.android:facebook-common:4.40.0] AndroidManifest.xml:28:5-35:19
MERGED from [com.facebook.android:facebook-common:4.40.0] AndroidManifest.xml:28:5-35:19
MERGED from [com.google.firebase:firebase-messaging:18.0.0] AndroidManifest.xml:22:5-35:19
MERGED from [com.google.firebase:firebase-messaging:18.0.0] AndroidManifest.xml:22:5-35:19
MERGED from [com.google.firebase:firebase-core:16.0.9] AndroidManifest.xml:7:5-20
MERGED from [com.google.firebase:firebase-core:16.0.9] AndroidManifest.xml:7:5-20
MERGED from [com.google.firebase:firebase-analytics:16.5.0] AndroidManifest.xml:7:5-20
MERGED from [com.google.firebase:firebase-analytics:16.5.0] AndroidManifest.xml:7:5-20
MERGED from [com.google.android.gms:play-services-measurement-api:16.5.0] AndroidManifest.xml:26:5-34:19
MERGED from [com.google.android.gms:play-services-measurement-api:16.5.0] AndroidManifest.xml:26:5-34:19
MERGED from [com.google.firebase:firebase-iid:18.0.0] AndroidManifest.xml:28:5-45:19
MERGED from [com.google.firebase:firebase-iid:18.0.0] AndroidManifest.xml:28:5-45:19
MERGED from [com.google.firebase:firebase-common:17.0.0] AndroidManifest.xml:11:5-17:19
MERGED from [com.google.firebase:firebase-common:17.0.0] AndroidManifest.xml:11:5-17:19
MERGED from [com.google.firebase:firebase-iid-interop:16.0.1] AndroidManifest.xml:7:5-8:19
MERGED from [com.google.firebase:firebase-iid-interop:16.0.1] AndroidManifest.xml:7:5-8:19
MERGED from [com.google.android.gms:play-services-base:16.0.1] AndroidManifest.xml:22:5-27:19
MERGED from [com.google.android.gms:play-services-base:16.0.1] AndroidManifest.xml:22:5-27:19
MERGED from [com.google.android.gms:play-services-tasks:16.0.1] AndroidManifest.xml:7:5-20
MERGED from [com.google.android.gms:play-services-tasks:16.0.1] AndroidManifest.xml:7:5-20
MERGED from [com.google.firebase:firebase-measurement-connector:17.0.1] AndroidManifest.xml:22:5-23:19
MERGED from [com.google.firebase:firebase-measurement-connector:17.0.1] AndroidManifest.xml:22:5-23:19
MERGED from [com.google.android.gms:play-services-measurement:16.5.0] AndroidManifest.xml:28:5-53:19
MERGED from [com.google.android.gms:play-services-measurement:16.5.0] AndroidManifest.xml:28:5-53:19
MERGED from [com.google.android.gms:play-services-measurement-sdk:16.5.0] AndroidManifest.xml:22:5-23:19
MERGED from [com.google.android.gms:play-services-measurement-sdk:16.5.0] AndroidManifest.xml:22:5-23:19
MERGED from [com.google.android.gms:play-services-measurement-impl:16.5.0] AndroidManifest.xml:28:5-38:19
MERGED from [com.google.android.gms:play-services-measurement-impl:16.5.0] AndroidManifest.xml:28:5-38:19
MERGED from [com.google.android.gms:play-services-stats:16.0.1] AndroidManifest.xml:7:5-20
MERGED from [com.google.android.gms:play-services-stats:16.0.1] AndroidManifest.xml:7:5-20
MERGED from [com.google.android.gms:play-services-measurement-sdk-api:16.5.0] AndroidManifest.xml:28:5-38:19
MERGED from [com.google.android.gms:play-services-measurement-sdk-api:16.5.0] AndroidManifest.xml:28:5-38:19
MERGED from [com.google.android.gms:play-services-measurement-base:16.5.0] AndroidManifest.xml:7:5-20
MERGED from [com.google.android.gms:play-services-measurement-base:16.5.0] AndroidManifest.xml:7:5-20
MERGED from [com.google.android.gms:play-services-ads-identifier:16.0.0] AndroidManifest.xml:22:5-20
MERGED from [com.google.android.gms:play-services-ads-identifier:16.0.0] AndroidManifest.xml:22:5-20
MERGED from [com.google.android.gms:play-services-basement:16.2.0] AndroidManifest.xml:22:5-26:19
MERGED from [com.google.android.gms:play-services-basement:16.2.0] AndroidManifest.xml:22:5-26:19
MERGED from [com.github.bumptech.glide:glide:4.9.0] AndroidManifest.xml:10:5-20
MERGED from [com.github.bumptech.glide:glide:4.9.0] AndroidManifest.xml:10:5-20
MERGED from [com.facebook.android:facebook-core:4.40.0] AndroidManifest.xml:28:5-51:19
MERGED from [com.facebook.android:facebook-core:4.40.0] AndroidManifest.xml:28:5-51:19
MERGED from [androidx.core:core:1.1.0-alpha03] AndroidManifest.xml:22:5-89
MERGED from [androidx.core:core:1.1.0-alpha03] AndroidManifest.xml:22:5-89
MERGED from [androidx.versionedparcelable:versionedparcelable:1.1.0-alpha01] AndroidManifest.xml:22:5-23:19
MERGED from [androidx.versionedparcelable:versionedparcelable:1.1.0-alpha01] AndroidManifest.xml:22:5-23:19
MERGED from [com.github.bumptech.glide:gifdecoder:4.9.0] AndroidManifest.xml:9:5-20
MERGED from [com.github.bumptech.glide:gifdecoder:4.9.0] AndroidManifest.xml:9:5-20
MERGED from [de.hdodenhof:circleimageview:3.0.0] AndroidManifest.xml:9:5-20
MERGED from [de.hdodenhof:circleimageview:3.0.0] AndroidManifest.xml:9:5-20
MERGED from [com.nabinbhandari.android:permissions:3.8] AndroidManifest.xml:11:5-15:19
MERGED from [com.nabinbhandari.android:permissions:3.8] AndroidManifest.xml:11:5-15:19
MERGED from [com.wowza.gocoder.sdk.android:com.wowza.gocoder.sdk:1.5b7] AndroidManifest.xml:9:5-10:19
MERGED from [com.wowza.gocoder.sdk.android:com.wowza.gocoder.sdk:1.5b7] AndroidManifest.xml:9:5-10:19
MERGED from [com.jakewharton.timber:timber:4.7.1] AndroidManifest.xml:7:5-20
MERGED from [com.jakewharton.timber:timber:4.7.1] AndroidManifest.xml:7:5-20
MERGED from [:line-sdk-4.0.8:] AndroidManifest.xml:11:5-39:19
MERGED from [:line-sdk-4.0.8:] AndroidManifest.xml:11:5-39:19
	android:appComponentFactory
		ADDED from [androidx.core:core:1.1.0-alpha03] AndroidManifest.xml:22:18-86
	android:supportsRtl
		ADDED from [com.facebook.android:facebook-share:4.40.0] AndroidManifest.xml:28:18-44
	android:label
		ADDED from src/main/AndroidManifest.xml:41:7-39
	android:hardwareAccelerated
		ADDED from src/main/AndroidManifest.xml:43:7-42
	tools:ignore
		ADDED from src/main/AndroidManifest.xml:46:7-94
	android:largeHeap
		ADDED from src/main/AndroidManifest.xml:42:7-31
	android:icon
		ADDED from src/main/AndroidManifest.xml:40:7-41
	android:allowBackup
		ADDED from src/main/AndroidManifest.xml:39:7-33
	android:theme
		ADDED from src/main/AndroidManifest.xml:44:7-38
	android:usesCleartextTraffic
		ADDED from src/main/AndroidManifest.xml:45:7-42
	android:name
		ADDED from src/main/AndroidManifest.xml:38:7-40
uses-library#org.apache.http.legacy
ADDED from src/main/AndroidManifest.xml:48:5-83
	android:required
		ADDED from src/main/AndroidManifest.xml:48:57-81
	android:name
		ADDED from src/main/AndroidManifest.xml:48:19-56
activity#notq.dccast.screens.navigation_menu.cast.search.ActivitySearchGroups
ADDED from src/main/AndroidManifest.xml:50:5-53:16
	android:screenOrientation
		ADDED from src/main/AndroidManifest.xml:52:9-45
	android:resizeableActivity
		ADDED from src/main/AndroidManifest.xml:51:9-42
	android:name
		ADDED from src/main/AndroidManifest.xml:50:15-87
activity#notq.dccast.screens.navigation_menu.cast.search.ActivitySearchFollowers
ADDED from src/main/AndroidManifest.xml:54:5-57:16
	android:screenOrientation
		ADDED from src/main/AndroidManifest.xml:56:9-45
	android:resizeableActivity
		ADDED from src/main/AndroidManifest.xml:55:9-42
	android:name
		ADDED from src/main/AndroidManifest.xml:54:15-90
activity#notq.dccast.screens.navigation_menu.settings.contact.ActivityContactUsDetail
ADDED from src/main/AndroidManifest.xml:58:5-61:16
	android:screenOrientation
		ADDED from src/main/AndroidManifest.xml:60:9-45
	android:resizeableActivity
		ADDED from src/main/AndroidManifest.xml:59:9-42
	android:name
		ADDED from src/main/AndroidManifest.xml:58:15-95
activity#notq.dccast.screens.navigation_menu.settings.contact.ActivityContactUs
ADDED from src/main/AndroidManifest.xml:62:5-65:16
	android:screenOrientation
		ADDED from src/main/AndroidManifest.xml:64:9-45
	android:resizeableActivity
		ADDED from src/main/AndroidManifest.xml:63:9-42
	android:name
		ADDED from src/main/AndroidManifest.xml:62:15-89
activity#notq.dccast.screens.navigation_menu.settings.ActivityOpenSource
ADDED from src/main/AndroidManifest.xml:66:5-68:47
	android:screenOrientation
		ADDED from src/main/AndroidManifest.xml:68:9-45
	android:resizeableActivity
		ADDED from src/main/AndroidManifest.xml:67:9-42
	android:name
		ADDED from src/main/AndroidManifest.xml:66:15-82
activity#notq.dccast.screens.navigation_menu.settings.ActivityWebView
ADDED from src/main/AndroidManifest.xml:69:5-71:47
	android:screenOrientation
		ADDED from src/main/AndroidManifest.xml:71:9-45
	android:resizeableActivity
		ADDED from src/main/AndroidManifest.xml:70:9-42
	android:name
		ADDED from src/main/AndroidManifest.xml:69:15-79
activity#notq.dccast.screens.navigation_menu.live.ActivityThumbnailChooser
ADDED from src/main/AndroidManifest.xml:72:5-76:47
	android:screenOrientation
		ADDED from src/main/AndroidManifest.xml:76:9-45
	android:resizeableActivity
		ADDED from src/main/AndroidManifest.xml:75:9-42
	android:configChanges
		ADDED from src/main/AndroidManifest.xml:74:9-44
	android:name
		ADDED from src/main/AndroidManifest.xml:73:9-78
activity#notq.dccast.screens.navigation_menu.vod.ActivitySelectGallery
ADDED from src/main/AndroidManifest.xml:77:5-80:47
	android:screenOrientation
		ADDED from src/main/AndroidManifest.xml:80:9-45
	android:resizeableActivity
		ADDED from src/main/AndroidManifest.xml:79:9-42
	android:name
		ADDED from src/main/AndroidManifest.xml:78:9-74
activity#notq.dccast.screens.navigation_menu.content.my_channel.ActivityEditProfile
ADDED from src/main/AndroidManifest.xml:81:5-84:47
	android:screenOrientation
		ADDED from src/main/AndroidManifest.xml:84:9-45
	android:resizeableActivity
		ADDED from src/main/AndroidManifest.xml:83:9-42
	android:name
		ADDED from src/main/AndroidManifest.xml:82:9-87
activity#notq.dccast.screens.home.mandu.ActivityManduHistoryWebView
ADDED from src/main/AndroidManifest.xml:85:5-88:47
	android:screenOrientation
		ADDED from src/main/AndroidManifest.xml:88:9-45
	android:resizeableActivity
		ADDED from src/main/AndroidManifest.xml:87:9-42
	android:name
		ADDED from src/main/AndroidManifest.xml:86:9-71
meta-data#com.facebook.sdk.ApplicationId
ADDED from src/main/AndroidManifest.xml:90:5-92:50
	android:value
		ADDED from src/main/AndroidManifest.xml:92:9-48
	android:name
		ADDED from src/main/AndroidManifest.xml:91:9-54
meta-data#com.kakao.sdk.AppKey
ADDED from src/main/AndroidManifest.xml:93:5-95:48
	android:value
		ADDED from src/main/AndroidManifest.xml:95:9-46
	android:name
		ADDED from src/main/AndroidManifest.xml:94:9-44
service#notq.dccast.screens.home.radio_mode.PlayerService
ADDED from src/main/AndroidManifest.xml:96:5-98:33
	android:enabled
		ADDED from src/main/AndroidManifest.xml:98:9-31
	android:exported
		ADDED from src/main/AndroidManifest.xml:97:9-33
	android:name
		ADDED from src/main/AndroidManifest.xml:96:14-67
service#notq.dccast.screens.home.video_service.PopupService
ADDED from src/main/AndroidManifest.xml:99:5-101:34
	android:exported
		ADDED from src/main/AndroidManifest.xml:101:9-32
	android:name
		ADDED from src/main/AndroidManifest.xml:100:9-64
meta-data#com.google.firebase.messaging.default_notification_icon
ADDED from src/main/AndroidManifest.xml:106:5-108:49
	android:resource
		ADDED from src/main/AndroidManifest.xml:108:9-47
	android:name
		ADDED from src/main/AndroidManifest.xml:107:9-79
meta-data#com.google.firebase.messaging.default_notification_channel_id
ADDED from src/main/AndroidManifest.xml:109:5-111:66
	android:value
		ADDED from src/main/AndroidManifest.xml:111:9-64
	android:name
		ADDED from src/main/AndroidManifest.xml:110:9-85
meta-data#com.google.firebase.messaging.default_notification_color
ADDED from src/main/AndroidManifest.xml:116:5-118:48
	android:resource
		ADDED from src/main/AndroidManifest.xml:118:9-46
	android:name
		ADDED from src/main/AndroidManifest.xml:117:9-80
service#notq.dccast.notification.MyFirebaseMessagingService
ADDED from src/main/AndroidManifest.xml:120:5-126:15
	android:exported
		ADDED from src/main/AndroidManifest.xml:122:9-33
	android:name
		ADDED from src/main/AndroidManifest.xml:121:9-64
intent-filter#action:name:com.google.firebase.MESSAGING_EVENT
ADDED from src/main/AndroidManifest.xml:123:7-125:23
action#com.google.firebase.MESSAGING_EVENT
ADDED from src/main/AndroidManifest.xml:124:9-69
	android:name
		ADDED from src/main/AndroidManifest.xml:124:17-67
receiver#androidx.media.session.MediaButtonReceiver
ADDED from src/main/AndroidManifest.xml:128:5-132:16
	android:name
		ADDED from src/main/AndroidManifest.xml:128:15-72
intent-filter#action:name:android.intent.action.MEDIA_BUTTON
ADDED from src/main/AndroidManifest.xml:129:7-131:23
action#android.intent.action.MEDIA_BUTTON
ADDED from src/main/AndroidManifest.xml:130:9-68
	android:name
		ADDED from src/main/AndroidManifest.xml:130:17-66
provider#com.facebook.FacebookContentProvider
ADDED from src/main/AndroidManifest.xml:134:5-137:34
	android:authorities
		ADDED from src/main/AndroidManifest.xml:136:9-86
	android:exported
		ADDED from src/main/AndroidManifest.xml:137:9-32
	android:name
		ADDED from src/main/AndroidManifest.xml:135:9-60
activity#notq.dccast.screens.video_trimmer.ActivityTrimmer
ADDED from src/main/AndroidManifest.xml:148:5-151:47
	android:screenOrientation
		ADDED from src/main/AndroidManifest.xml:151:9-45
	android:resizeableActivity
		ADDED from src/main/AndroidManifest.xml:150:9-42
	android:name
		ADDED from src/main/AndroidManifest.xml:149:9-62
activity#notq.dccast.screens.navigation_menu.cast.user_follow.ActivityUserFollow
ADDED from src/main/AndroidManifest.xml:152:5-156:58
	android:screenOrientation
		ADDED from src/main/AndroidManifest.xml:154:9-45
	android:windowSoftInputMode
		ADDED from src/main/AndroidManifest.xml:156:9-56
	android:resizeableActivity
		ADDED from src/main/AndroidManifest.xml:155:9-42
	android:name
		ADDED from src/main/AndroidManifest.xml:153:9-84